Unity Editor version:    2021.3.28f1 (232e59c3f087)
Branch:                  2021.3/release
Build type:              Release
Batch mode:              YES
System name:             Linux
Distro version:          #1 SMP PREEMPT_DYNAMIC Debian 6.1.12-1kali2 (2023-02-23)
Kernel version:          6.1.0-kali5-amd64
Architecture:            x86_64
Available memory:        3785 MB
Using pre-set license
Pro License: YES
Desktop is 1920 x 1080 @ 60 Hz
Initialize udev device monitor.

COMMAND LINE ARGUMENTS:
Unity
-adb2
-batchMode
-noUpm
-name
AssetImportWorker5
-projectPath
/home/kali/Unity Projects/Assault-Arena/Arena-Assault/Arena-Assault
-logFile
Logs/AssetImportWorker5.log
-srvPort
41407
Successfully changed project path to: /home/kali/Unity Projects/Assault-Arena/Arena-Assault/Arena-Assault
/home/kali/Unity Projects/Assault-Arena/Arena-Assault/Arena-Assault
[UnityMemory] Configuration Parameters - Can be set up in boot.config
    "memorysetup-bucket-allocator-granularity=16"
    "memorysetup-bucket-allocator-bucket-count=8"
    "memorysetup-bucket-allocator-block-size=33554432"
    "memorysetup-bucket-allocator-block-count=8"
    "memorysetup-main-allocator-block-size=16777216"
    "memorysetup-thread-allocator-block-size=16777216"
    "memorysetup-gfx-main-allocator-block-size=16777216"
    "memorysetup-gfx-thread-allocator-block-size=16777216"
    "memorysetup-cache-allocator-block-size=4194304"
    "memorysetup-typetree-allocator-block-size=2097152"
    "memorysetup-profiler-bucket-allocator-granularity=16"
    "memorysetup-profiler-bucket-allocator-bucket-count=8"
    "memorysetup-profiler-bucket-allocator-block-size=33554432"
    "memorysetup-profiler-bucket-allocator-block-count=8"
    "memorysetup-profiler-allocator-block-size=16777216"
    "memorysetup-profiler-editor-allocator-block-size=1048576"
    "memorysetup-temp-allocator-size-main=16777216"
    "memorysetup-job-temp-allocator-block-size=2097152"
    "memorysetup-job-temp-allocator-block-size-background=1048576"
    "memorysetup-job-temp-allocator-reduction-small-platforms=262144"
    "memorysetup-temp-allocator-size-background-worker=32768"
    "memorysetup-temp-allocator-size-job-worker=262144"
    "memorysetup-temp-allocator-size-preload-manager=33554432"
    "memorysetup-temp-allocator-size-nav-mesh-worker=65536"
    "memorysetup-temp-allocator-size-audio-worker=65536"
    "memorysetup-temp-allocator-size-cloud-worker=32768"
    "memorysetup-temp-allocator-size-gi-baking-worker=262144"
    "memorysetup-temp-allocator-size-gfx=262144"
Player connection [140528000713536] Host "[IP] 192.168.58.103 [Port] 0 [Flags] 2 [Guid] 1816197547 [EditorId] 1816197547 [Version] 1048832 [Id] LinuxEditor(16,192.168.58.103) [Debug] 1 [PackageName] LinuxEditor [ProjectName] Editor" joined multi-casting on [225.0.0.222:54997]...

Player connection [140528000713536] Host "[IP] 192.168.58.103 [Port] 0 [Flags] 2 [Guid] 1816197547 [EditorId] 1816197547 [Version] 1048832 [Id] LinuxEditor(16,192.168.58.103) [Debug] 1 [PackageName] LinuxEditor [ProjectName] Editor" joined alternative multi-casting on [225.0.0.222:34997]...

Refreshing native plugins compatible for Editor in 225.64 ms, found 0 plugins.
Preloading 0 native plugins for Editor in 0.00 ms.
Initialize engine version: 2021.3.28f1 (232e59c3f087)
[Subsystems] Discovering subsystems at path /home/kali/Unity/Hub/Editor/2021.3.28f1/Editor/Data/Resources/UnitySubsystems
[Subsystems] Discovering subsystems at path /home/kali/Unity Projects/Assault-Arena/Arena-Assault/Arena-Assault/Assets
GLX Extensions: GLX_ARB_context_flush_control GLX_ARB_create_context GLX_ARB_create_context_no_error GLX_ARB_create_context_profile GLX_ARB_create_context_robustness GLX_ARB_fbconfig_float GLX_ARB_framebuffer_sRGB GLX_ARB_get_proc_address GLX_ARB_multisample GLX_EXT_buffer_age GLX_EXT_create_context_es2_profile GLX_EXT_create_context_es_profile GLX_EXT_fbconfig_packed_float GLX_EXT_framebuffer_sRGB GLX_EXT_no_config_context GLX_EXT_swap_control GLX_EXT_swap_control_tear GLX_EXT_texture_from_pixmap GLX_EXT_visual_info GLX_EXT_visual_rating GLX_INTEL_swap_event GLX_MESA_copy_sub_buffer GLX_MESA_query_renderer GLX_MESA_swap_control GLX_OML_swap_method GLX_OML_sync_control GLX_SGIS_multisample GLX_SGIX_fbconfig GLX_SGIX_pbuffer GLX_SGIX_visual_select_group GLX_SGI_make_current_read GLX_SGI_swap_control GLX_SGI_video_sync 
Renderer: Mesa Intel(R) HD Graphics 620 (KBL GT2F)
Vendor:   Intel
Version:  4.6 (Core Profile) Mesa 22.3.6
GLES:     0
 GL_3DFX_texture_compression_FXT1 GL_AMD_conservative_depth GL_AMD_depth_clamp_separate GL_AMD_draw_buffers_blend GL_AMD_gpu_shader_int64 GL_AMD_multi_draw_indirect GL_AMD_performance_monitor GL_AMD_pinned_memory GL_AMD_query_buffer_object GL_AMD_seamless_cubemap_per_texture GL_AMD_shader_stencil_export GL_AMD_shader_trinary_minmax GL_AMD_texture_texture4 GL_AMD_vertex_shader_layer GL_AMD_vertex_shader_viewport_index GL_ANGLE_texture_compression_dxt3 GL_ANGLE_texture_compression_dxt5 GL_ARB_ES2_compatibility GL_ARB_ES3_1_compatibility GL_ARB_ES3_2_compatibility GL_ARB_ES3_compatibility GL_ARB_arrays_of_arrays GL_ARB_base_instance GL_ARB_blend_func_extended GL_ARB_buffer_storage GL_ARB_clear_buffer_object GL_ARB_clear_texture GL_ARB_clip_control GL_ARB_compressed_texture_pixel_storage GL_ARB_compute_shader GL_ARB_compute_variable_group_size GL_ARB_conditional_render_inverted GL_ARB_conservative_depth GL_ARB_copy_buffer GL_ARB_copy_image GL_ARB_cull_distance GL_ARB_debug_output GL_ARB_depth_buffer_float GL_ARB
_depth_clamp GL_ARB_derivative_control GL_ARB_direct_state_access GL_ARB_draw_buffers GL_ARB_draw_buffers_blend GL_ARB_draw_elements_base_vertex GL_ARB_draw_indirect GL_ARB_draw_instanced GL_ARB_enhanced_layouts GL_ARB_explicit_attrib_location GL_ARB_explicit_uniform_location GL_ARB_fragment_coord_conventions GL_ARB_fragment_layer_viewport GL_ARB_fragment_shader GL_ARB_fragment_shader_interlock GL_ARB_framebuffer_no_attachments GL_ARB_framebuffer_object GL_ARB_framebuffer_sRGB GL_ARB_get_program_binary GL_ARB_get_texture_sub_image GL_ARB_gl_spirv GL_ARB_gpu_shader5 GL_ARB_gpu_shader_fp64 GL_ARB_gpu_shader_int64 GL_ARB_half_float_pixel GL_ARB_half_float_vertex GL_ARB_indirect_parameters GL_ARB_instanced_arrays GL_ARB_internalformat_query GL_ARB_internalformat_query2 GL_ARB_invalidate_subdata GL_ARB_map_buffer_alignment GL_ARB_map_buffer_range GL_ARB_multi_bind GL_ARB_multi_draw_indirect GL_ARB_occlusion_query2 GL_ARB_parallel_shader_compile GL_ARB_pipeline_statistics_query GL_ARB_pixel_buffer_object GL_ARB_po
int_sprite GL_ARB_polygon_offset_clamp GL_ARB_post_depth_coverage GL_ARB_program_interface_query GL_ARB_provoking_vertex GL_ARB_query_buffer_object GL_ARB_robust_buffer_access_behavior GL_ARB_robustness GL_ARB_sample_shading GL_ARB_sampler_objects GL_ARB_seamless_cube_map GL_ARB_seamless_cubemap_per_texture GL_ARB_separate_shader_objects GL_ARB_shader_atomic_counter_ops GL_ARB_shader_atomic_counters GL_ARB_shader_ballot GL_ARB_shader_bit_encoding GL_ARB_shader_clock GL_ARB_shader_draw_parameters GL_ARB_shader_group_vote GL_ARB_shader_image_load_store GL_ARB_shader_image_size GL_ARB_shader_objects GL_ARB_shader_precision GL_ARB_shader_stencil_export GL_ARB_shader_storage_buffer_object GL_ARB_shader_subroutine GL_ARB_shader_texture_image_samples GL_ARB_shader_texture_lod GL_ARB_shader_viewport_layer_array GL_ARB_shading_language_420pack GL_ARB_shading_language_include GL_ARB_shading_language_packing GL_ARB_spirv_extensions GL_ARB_stencil_texturing GL_ARB_sync GL_ARB_tessellation_shader GL_ARB_texture_barrier G
L_ARB_texture_buffer_object GL_ARB_texture_buffer_object_rgb32 GL_ARB_texture_buffer_range GL_ARB_texture_compression_bptc GL_ARB_texture_compression_rgtc GL_ARB_texture_cube_map_array GL_ARB_texture_filter_anisotropic GL_ARB_texture_float GL_ARB_texture_gather GL_ARB_texture_mirror_clamp_to_edge GL_ARB_texture_multisample GL_ARB_texture_non_power_of_two GL_ARB_texture_query_levels GL_ARB_texture_query_lod GL_ARB_texture_rectangle GL_ARB_texture_rg GL_ARB_texture_rgb10_a2ui GL_ARB_texture_stencil8 GL_ARB_texture_storage GL_ARB_texture_storage_multisample GL_ARB_texture_swizzle GL_ARB_texture_view GL_ARB_timer_query GL_ARB_transform_feedback2 GL_ARB_transform_feedback3 GL_ARB_transform_feedback_instanced GL_ARB_transform_feedback_overflow_query GL_ARB_uniform_buffer_object GL_ARB_vertex_array_bgra GL_ARB_vertex_array_object GL_ARB_vertex_attrib_64bit GL_ARB_vertex_attrib_binding GL_ARB_vertex_buffer_object GL_ARB_vertex_shader GL_ARB_vertex_type_10f_11f_11f_rev GL_ARB_vertex_type_2_10_10_10_rev GL_ARB_viewpor
t_array GL_ATI_blend_equation_separate GL_ATI_texture_float GL_EXT_EGL_image_storage GL_EXT_EGL_sync GL_EXT_abgr GL_EXT_blend_equation_separate GL_EXT_debug_label GL_EXT_demote_to_helper_invocation GL_EXT_draw_buffers2 GL_EXT_draw_instanced GL_EXT_framebuffer_blit GL_EXT_framebuffer_multisample GL_EXT_framebuffer_multisample_blit_scaled GL_EXT_framebuffer_object GL_EXT_framebuffer_sRGB GL_EXT_memory_object GL_EXT_memory_object_fd GL_EXT_packed_depth_stencil GL_EXT_packed_float GL_EXT_pixel_buffer_object GL_EXT_polygon_offset_clamp GL_EXT_provoking_vertex GL_EXT_semaphore GL_EXT_semaphore_fd GL_EXT_shader_framebuffer_fetch GL_EXT_shader_framebuffer_fetch_non_coherent GL_EXT_shader_integer_mix GL_EXT_shader_samples_identical GL_EXT_texture_array GL_EXT_texture_compression_dxt1 GL_EXT_texture_compression_rgtc GL_EXT_texture_compression_s3tc GL_EXT_texture_filter_anisotropic GL_EXT_texture_integer GL_EXT_texture_sRGB GL_EXT_texture_sRGB_R8 GL_EXT_texture_sRGB_decode GL_EXT_texture_shadow_lod GL_EXT_texture_share
d_exponent GL_EXT_texture_snorm GL_EXT_texture_swizzle GL_EXT_timer_query GL_EXT_transform_feedback GL_EXT_vertex_array_bgra GL_EXT_vertex_attrib_64bit GL_IBM_multimode_draw_arrays GL_INTEL_blackhole_render GL_INTEL_conservative_rasterization GL_INTEL_performance_query GL_INTEL_shader_atomic_float_minmax GL_INTEL_shader_integer_functions2 GL_KHR_blend_equation_advanced GL_KHR_blend_equation_advanced_coherent GL_KHR_context_flush_control GL_KHR_debug GL_KHR_no_error GL_KHR_parallel_shader_compile GL_KHR_robust_buffer_access_behavior GL_KHR_robustness GL_KHR_texture_compression_astc_ldr GL_KHR_texture_compression_astc_sliced_3d GL_MESA_framebuffer_flip_y GL_MESA_pack_invert GL_MESA_shader_integer_functions GL_MESA_texture_signed_rgba GL_NV_compute_shader_derivatives GL_NV_conditional_render GL_NV_copy_image GL_NV_depth_clamp GL_NV_fragment_shader_interlock GL_NV_packed_depth_stencil GL_NV_texture_barrier GL_OES_EGL_image GL_S3_s3tc
OPENGL LOG: Creating OpenGL 4.6 graphics device ; Context level  <OpenGL 4.5> ; Context handle -755328496
Initialize mono
Mono path[0] = '/home/kali/Unity/Hub/Editor/2021.3.28f1/Editor/Data/Managed'
Mono path[1] = '/home/kali/Unity/Hub/Editor/2021.3.28f1/Editor/Data/MonoBleedingEdge/lib/mono/unityjit-linux'
Mono config path = '/home/kali/Unity/Hub/Editor/2021.3.28f1/Editor/Data/MonoBleedingEdge/etc'
Using monoOptions --debugger-agent=transport=dt_socket,embedding=1,server=y,suspend=n,address=127.0.0.1:56889
Begin MonoManager ReloadAssembly
Registering precompiled unity dll's ...
Register platform support module: /home/kali/Unity/Hub/Editor/2021.3.28f1/Editor/Data/PlaybackEngines/AndroidPlayer/UnityEditor.Android.Extensions.dll
Register platform support module: /home/kali/Unity/Hub/Editor/2021.3.28f1/Editor/Data/PlaybackEngines/LinuxStandaloneSupport/UnityEditor.LinuxStandalone.Extensions.dll
Registered in 0.023679 seconds.
Native extension for LinuxStandalone target not found
Native extension for Android target not found
Android Extension - Scanning For ADB Devices 337 ms
Refreshing native plugins compatible for Editor in 256.57 ms, found 0 plugins.
Preloading 0 native plugins for Editor in 0.00 ms.
Mono: successfully reloaded assembly
- Completed reload, in  1.975 seconds
Domain Reload Profiling:
	ReloadAssembly (1976ms)
		BeginReloadAssembly (150ms)
			ExecutionOrderSort (0ms)
			DisableScriptedObjects (0ms)
			BackupInstance (0ms)
			ReleaseScriptingObjects (0ms)
			CreateAndSetChildDomain (1ms)
		EndReloadAssembly (1544ms)
			LoadAssemblies (146ms)
			RebuildTransferFunctionScriptingTraits (0ms)
			SetupTypeCache (205ms)
			ReleaseScriptCaches (0ms)
			RebuildScriptCaches (58ms)
			SetupLoadedEditorAssemblies (1189ms)
				LogAssemblyErrors (0ms)
				InitializePlatformSupportModulesInManaged (639ms)
				SetLoadedEditorAssemblies (1ms)
				RefreshPlugins (257ms)
				BeforeProcessingInitializeOnLoad (3ms)
				ProcessInitializeOnLoadAttributes (180ms)
				ProcessInitializeOnLoadMethodAttributes (111ms)
				AfterProcessingInitializeOnLoad (0ms)
				EditorAssembliesLoaded (0ms)
			ExecutionOrderSort2 (0ms)
			AwakeInstancesAfterBackupRestoration (0ms)
Platform modules already initialized, skipping
Registering precompiled user dll's ...
Registered in 0.014588 seconds.
Begin MonoManager ReloadAssembly
Symbol file LoadedFromMemory doesn't match image /home/kali/Unity Projects/Assault-Arena/Arena-Assault/Arena-Assault/Library/PackageCache/com.unity.visualscripting@1.8.0/Editor/VisualScripting.Core/Dependencies/YamlDotNet/Unity.VisualScripting.YamlDotNet.dll
Symbol file LoadedFromMemory doesn't match image /home/kali/Unity Projects/Assault-Arena/Arena-Assault/Arena-Assault/Library/PackageCache/com.unity.visualscripting@1.8.0/Editor/VisualScripting.Core/Dependencies/DotNetZip/Unity.VisualScripting.IonicZip.dll
Native extension for LinuxStandalone target not found
Native extension for Android target not found
Refreshing native plugins compatible for Editor in 1.40 ms, found 0 plugins.
Preloading 0 native plugins for Editor in 0.00 ms.
Mono: successfully reloaded assembly
- Completed reload, in  2.851 seconds
Domain Reload Profiling:
	ReloadAssembly (2853ms)
		BeginReloadAssembly (187ms)
			ExecutionOrderSort (0ms)
			DisableScriptedObjects (11ms)
			BackupInstance (0ms)
			ReleaseScriptingObjects (0ms)
			CreateAndSetChildDomain (34ms)
		EndReloadAssembly (2418ms)
			LoadAssemblies (143ms)
			RebuildTransferFunctionScriptingTraits (0ms)
			SetupTypeCache (1080ms)
			ReleaseScriptCaches (2ms)
			RebuildScriptCaches (143ms)
			SetupLoadedEditorAssemblies (767ms)
				LogAssemblyErrors (0ms)
				InitializePlatformSupportModulesInManaged (50ms)
				SetLoadedEditorAssemblies (1ms)
				RefreshPlugins (1ms)
				BeforeProcessingInitializeOnLoad (199ms)
				ProcessInitializeOnLoadAttributes (458ms)
				ProcessInitializeOnLoadMethodAttributes (42ms)
				AfterProcessingInitializeOnLoad (15ms)
				EditorAssembliesLoaded (0ms)
			ExecutionOrderSort2 (0ms)
			AwakeInstancesAfterBackupRestoration (7ms)
Platform modules already initialized, skipping
========================================================================
Worker process is ready to serve import requests
Launched and connected shader compiler UnityShaderCompiler after 0.30 seconds
Refreshing native plugins compatible for Editor in 3.06 ms, found 0 plugins.
Preloading 0 native plugins for Editor in 0.00 ms.
Unloading 3403 Unused Serialized files (Serialized files now loaded: 0)
Unloading 29 unused Assets / (36.8 KB). Loaded Objects now: 3896.
Memory consumption went from 132.4 MB to 132.3 MB.
Total: 9.236274 ms (FindLiveObjects: 0.596645 ms CreateObjectMapping: 0.446453 ms MarkObjects: 7.928759 ms  DeleteObjects: 0.262152 ms)

AssetImportParameters requested are different than current active one (requested -> active):
  custom:video-decoder-ogg-theora: a1e56fd34408186e4bbccfd4996cb3dc -> 
  custom:container-muxer-webm: aa71ff27fc2769a1b78a27578f13a17b -> 
  custom:container-demuxer-webm: 4f35f7cbe854078d1ac9338744f61a02 -> 
  custom:video-encoder-webm-vp8: eb34c28f22e8b96e1ab97ce403110664 -> 
  custom:CustomObjectIndexerAttribute: bc11b3a6c3213fcdd17b65e7da85e133 -> 
  custom:audio-encoder-webm-vorbis: bf7c407c2cedff20999df2af8eb42d56 -> 
  custom:container-demuxer-ogg: 62fdf1f143b41e24485cea50d1cbac27 -> 
  custom:video-decoder-webm-vp8: 9c59270c3fd7afecdb556c50c9e8de78 -> 
  custom:audio-decoder-ogg-vorbis: bf7c407c2cedff20999df2af8eb42d56 -> 
========================================================================
Received Import Request.
  Time since last request: 10260.204436 seconds.
  path: Assets/TPS Shooter (Military style)/Models/MilitaryEnvironment/CamouflageNetColumn.FBX
  artifactKey: Guid(8cf081facab2d024394febb2d66e0b5c) Importer(815301076,1909f56bfc062723c751e8b465ee728b)
Start importing Assets/TPS Shooter (Military style)/Models/MilitaryEnvironment/CamouflageNetColumn.FBX using Guid(8cf081facab2d024394febb2d66e0b5c) Importer(815301076,1909f56bfc062723c751e8b465ee728b)  -> (artifact id: 'a79302684e10f51458721e67593c27b0') in 2.133368 seconds 
========================================================================
Received Import Request.
  Time since last request: 0.000089 seconds.
  path: Assets/TPS Shooter (Military style)/Models/MilitaryEnvironment/Building_C$NV.FBX
  artifactKey: Guid(0c3840e34bfeda441a0b0a48290c15f3) Importer(815301076,1909f56bfc062723c751e8b465ee728b)
Start importing Assets/TPS Shooter (Military style)/Models/MilitaryEnvironment/Building_C$NV.FBX using Guid(0c3840e34bfeda441a0b0a48290c15f3) Importer(815301076,1909f56bfc062723c751e8b465ee728b)  -> (artifact id: '97ae142a1f316d5f47ee9ec2fce87ca8') in 0.391702 seconds 
========================================================================
Received Import Request.
  Time since last request: 0.000033 seconds.
  path: Assets/TPS Shooter (Military style)/Models/MilitaryEnvironment/Building_D$NV.FBX
  artifactKey: Guid(6c3fa64ef93128a47bee6b7276246119) Importer(815301076,1909f56bfc062723c751e8b465ee728b)
Start importing Assets/TPS Shooter (Military style)/Models/MilitaryEnvironment/Building_D$NV.FBX using Guid(6c3fa64ef93128a47bee6b7276246119) Importer(815301076,1909f56bfc062723c751e8b465ee728b)  -> (artifact id: '6a36e45d6f16afee775f8ac5202d861e') in 0.038153 seconds 
========================================================================
Received Import Request.
  Time since last request: 0.000050 seconds.
  path: Assets/TPS Shooter (Military style)/Models/MilitaryEnvironment/Building_E$NV.FBX
  artifactKey: Guid(31d366c1ebec85f498680771c63f64e4) Importer(815301076,1909f56bfc062723c751e8b465ee728b)
Start importing Assets/TPS Shooter (Military style)/Models/MilitaryEnvironment/Building_E$NV.FBX using Guid(31d366c1ebec85f498680771c63f64e4) Importer(815301076,1909f56bfc062723c751e8b465ee728b)  -> (artifact id: '043890dad59c71fb55cdf001c260cda2') in 0.041424 seconds 
========================================================================
Received Import Request.
  Time since last request: 0.000029 seconds.
  path: Assets/TPS Shooter (Military style)/Models/MilitaryEnvironment/ConcreteShalter$NV.FBX
  artifactKey: Guid(6964c7f4b49af104cbb5ae68f0535a25) Importer(815301076,1909f56bfc062723c751e8b465ee728b)
Start importing Assets/TPS Shooter (Military style)/Models/MilitaryEnvironment/ConcreteShalter$NV.FBX using Guid(6964c7f4b49af104cbb5ae68f0535a25) Importer(815301076,1909f56bfc062723c751e8b465ee728b)  -> (artifact id: '973ce2edb94c09f63142a54a3d3e6232') in 0.042203 seconds 
========================================================================
Received Import Request.
  Time since last request: 0.000030 seconds.
  path: Assets/TPS Shooter (Military style)/Models/MilitaryEnvironment/Chimney.FBX
  artifactKey: Guid(05d062c661b8e1c48a8455c1555aa881) Importer(815301076,1909f56bfc062723c751e8b465ee728b)
Start importing Assets/TPS Shooter (Military style)/Models/MilitaryEnvironment/Chimney.FBX using Guid(05d062c661b8e1c48a8455c1555aa881) Importer(815301076,1909f56bfc062723c751e8b465ee728b)  -> (artifact id: '171716d53458e069593a840560b276f1') in 0.059754 seconds 
========================================================================
Received Import Request.
  Time since last request: 0.000049 seconds.
  path: Assets/TPS Shooter (Military style)/Models/MilitaryEnvironment/Block_A.FBX
  artifactKey: Guid(8f6ad4592a7f7a442ba56412f26bb756) Importer(815301076,1909f56bfc062723c751e8b465ee728b)
Start importing Assets/TPS Shooter (Military style)/Models/MilitaryEnvironment/Block_A.FBX using Guid(8f6ad4592a7f7a442ba56412f26bb756) Importer(815301076,1909f56bfc062723c751e8b465ee728b)  -> (artifact id: 'a8ab3183bc03a22ebf8de3484d210cd8') in 0.044922 seconds 
========================================================================
Received Import Request.
  Time since last request: 0.000057 seconds.
  path: Assets/Fighters_(Pack)/Materials/Fighter_05.mat
  artifactKey: Guid(84f6538fa8b29984e80e15a1c33d9cfd) Importer(815301076,1909f56bfc062723c751e8b465ee728b)
Start importing Assets/Fighters_(Pack)/Materials/Fighter_05.mat using Guid(84f6538fa8b29984e80e15a1c33d9cfd) Importer(815301076,1909f56bfc062723c751e8b465ee728b)  -> (artifact id: '82a6c4a857a892bcea6bb4d482a1f263') in 9.067654 seconds 
========================================================================
Received Import Request.
  Time since last request: 0.000098 seconds.
  path: Assets/TPS Shooter (Military style)/Models/MilitaryEnvironment/ConcreteTube$NV.FBX
  artifactKey: Guid(408bd943c8f83a74db8f00a064f0be10) Importer(815301076,1909f56bfc062723c751e8b465ee728b)
Start importing Assets/TPS Shooter (Military style)/Models/MilitaryEnvironment/ConcreteTube$NV.FBX using Guid(408bd943c8f83a74db8f00a064f0be10) Importer(815301076,1909f56bfc062723c751e8b465ee728b)  -> (artifact id: '0e31f391ca91fd471b0e515bf764068a') in 0.108191 seconds 
========================================================================
Received Import Request.
  Time since last request: 0.000065 seconds.
  path: Assets/TPS Shooter (Military style)/Models/MilitaryEnvironment/Camouflage$NV.FBX
  artifactKey: Guid(9132b5949df877b4182fca094a4dc0d2) Importer(815301076,1909f56bfc062723c751e8b465ee728b)
Start importing Assets/TPS Shooter (Military style)/Models/MilitaryEnvironment/Camouflage$NV.FBX using Guid(9132b5949df877b4182fca094a4dc0d2) Importer(815301076,1909f56bfc062723c751e8b465ee728b)  -> (artifact id: '3ec94325a8ef8fb3e686071bcc1dec9d') in 0.198396 seconds 
========================================================================
Received Import Request.
  Time since last request: 0.000087 seconds.
  path: Assets/TPS Shooter (Military style)/Models/MilitaryEnvironment/Building_E.FBX
  artifactKey: Guid(b68474f7b408ba64d854a6d9dbf3babc) Importer(815301076,1909f56bfc062723c751e8b465ee728b)
Start importing Assets/TPS Shooter (Military style)/Models/MilitaryEnvironment/Building_E.FBX using Guid(b68474f7b408ba64d854a6d9dbf3babc) Importer(815301076,1909f56bfc062723c751e8b465ee728b)  -> (artifact id: '875492b0c16eba98c387d2f776aee801') in 0.128257 seconds 
========================================================================
Received Import Request.
  Time since last request: 0.000085 seconds.
  path: Assets/Fighters_(Pack)/Materials/Fighter_14.mat
  artifactKey: Guid(811a197a01c9535448c611469abaef12) Importer(815301076,1909f56bfc062723c751e8b465ee728b)
Start importing Assets/Fighters_(Pack)/Materials/Fighter_14.mat using Guid(811a197a01c9535448c611469abaef12) Importer(815301076,1909f56bfc062723c751e8b465ee728b)  -> (artifact id: '4f97a6b3a8edb431455dba3219cde110') in 1.668385 seconds 
========================================================================
Received Import Request.
  Time since last request: 0.000123 seconds.
  path: Assets/Fighters_(Pack)/Materials/Fighter_08.mat
  artifactKey: Guid(81a2c3c21a02f8f4a9b9d6797aa9d30f) Importer(815301076,1909f56bfc062723c751e8b465ee728b)
Start importing Assets/Fighters_(Pack)/Materials/Fighter_08.mat using Guid(81a2c3c21a02f8f4a9b9d6797aa9d30f) Importer(815301076,1909f56bfc062723c751e8b465ee728b)  -> (artifact id: '751fb0eb84e6d9b24ebaff21536d5d51') in 1.442168 seconds 
========================================================================
Received Import Request.
  Time since last request: 0.000208 seconds.
  path: Assets/Fighters_(Pack)/Materials/Fighter_06.mat
  artifactKey: Guid(7b83839f7ab749b4b8501ccd8bd9c8fa) Importer(815301076,1909f56bfc062723c751e8b465ee728b)
Start importing Assets/Fighters_(Pack)/Materials/Fighter_06.mat using Guid(7b83839f7ab749b4b8501ccd8bd9c8fa) Importer(815301076,1909f56bfc062723c751e8b465ee728b)  -> (artifact id: '0edfb4b949779f36a2816cec2d517a32') in 1.315022 seconds 
========================================================================
Received Import Request.
  Time since last request: 0.000059 seconds.
  path: Assets/Fighters_(Pack)/Materials/Fighter_07.mat
  artifactKey: Guid(9a59ce4fe73c15d40a4999b2023af069) Importer(815301076,1909f56bfc062723c751e8b465ee728b)
Start importing Assets/Fighters_(Pack)/Materials/Fighter_07.mat using Guid(9a59ce4fe73c15d40a4999b2023af069) Importer(815301076,1909f56bfc062723c751e8b465ee728b)  -> (artifact id: 'cbfbad4a0cd72eb7013be30971da30dd') in 2.088714 seconds 
========================================================================
Received Import Request.
  Time since last request: 0.000100 seconds.
  path: Assets/TPS Shooter (Military style)/Models/MilitaryEnvironment/OilTank.FBX
  artifactKey: Guid(dd4977ee26092b1459ea9661278c5431) Importer(815301076,1909f56bfc062723c751e8b465ee728b)
Start importing Assets/TPS Shooter (Military style)/Models/MilitaryEnvironment/OilTank.FBX using Guid(dd4977ee26092b1459ea9661278c5431) Importer(815301076,1909f56bfc062723c751e8b465ee728b)  -> (artifact id: 'c18c58e2fe16616027d6e90b371a6cdb') in 0.567575 seconds 
========================================================================
Received Import Request.
  Time since last request: 0.000030 seconds.
  path: Assets/Fighters_(Pack)/Materials/Fighter_8_Hair.mat
  artifactKey: Guid(3f8975e5ba56245478efc8790d6115e1) Importer(815301076,1909f56bfc062723c751e8b465ee728b)
Start importing Assets/Fighters_(Pack)/Materials/Fighter_8_Hair.mat using Guid(3f8975e5ba56245478efc8790d6115e1) Importer(815301076,1909f56bfc062723c751e8b465ee728b)  -> (artifact id: '0eb06eee98b763dfbcd2dc03f4659c13') in 2.255327 seconds 
========================================================================
Received Import Request.
  Time since last request: 0.000123 seconds.
  path: Assets/Fighters_(Pack)/Materials/Fighter_09.mat
  artifactKey: Guid(2efe6c8dd94592b4d9454ff194a595b4) Importer(815301076,1909f56bfc062723c751e8b465ee728b)
Start importing Assets/Fighters_(Pack)/Materials/Fighter_09.mat using Guid(2efe6c8dd94592b4d9454ff194a595b4) Importer(815301076,1909f56bfc062723c751e8b465ee728b)  -> (artifact id: '9f98b80ca33d307b3ffe1e5fb48dc122') in 8.143136 seconds 
========================================================================
Received Import Request.
  Time since last request: 0.000115 seconds.
  path: Assets/TPS Shooter (Military style)/Models/MilitaryEnvironment/Building_B$NV.FBX
  artifactKey: Guid(0475b8a64ab2d8e48ab5fbf2dba8a45f) Importer(815301076,1909f56bfc062723c751e8b465ee728b)
Start importing Assets/TPS Shooter (Military style)/Models/MilitaryEnvironment/Building_B$NV.FBX using Guid(0475b8a64ab2d8e48ab5fbf2dba8a45f) Importer(815301076,1909f56bfc062723c751e8b465ee728b)  -> (artifact id: 'b05ef79d3fd9d9b7e32851dd2242512f') in 0.552414 seconds 
========================================================================
Received Import Request.
  Time since last request: 0.000091 seconds.
  path: Assets/TPS Shooter (Military style)/Models/MilitaryEnvironment/Building_C.FBX
  artifactKey: Guid(8310baadb46cf9c4295dffaf8a9c585e) Importer(815301076,1909f56bfc062723c751e8b465ee728b)
Start importing Assets/TPS Shooter (Military style)/Models/MilitaryEnvironment/Building_C.FBX using Guid(8310baadb46cf9c4295dffaf8a9c585e) Importer(815301076,1909f56bfc062723c751e8b465ee728b)  -> (artifact id: '83e3e37264e1c896d65f056e76cdc4d3') in 1.069081 seconds 
========================================================================
Received Import Request.
  Time since last request: 0.009194 seconds.
  path: Assets/TPS Shooter (Military style)/Models/Soldiers/BlackSwat/Materials/Arm.mat
  artifactKey: Guid(2058c009b45dd4908b756a8f98e8d255) Importer(815301076,1909f56bfc062723c751e8b465ee728b)
Start importing Assets/TPS Shooter (Military style)/Models/Soldiers/BlackSwat/Materials/Arm.mat using Guid(2058c009b45dd4908b756a8f98e8d255) Importer(815301076,1909f56bfc062723c751e8b465ee728b)  -> (artifact id: 'f96141ffddac36b66f5e1eda188d2a35') in 0.130402 seconds 
========================================================================
Received Import Request.
  Time since last request: 0.000121 seconds.
  path: Assets/Fighters_(Pack)/Materials/Fighter_03.mat
  artifactKey: Guid(d63ccbc6b1d76d1478da3c723ebc249a) Importer(815301076,1909f56bfc062723c751e8b465ee728b)
Start importing Assets/Fighters_(Pack)/Materials/Fighter_03.mat using Guid(d63ccbc6b1d76d1478da3c723ebc249a) Importer(815301076,1909f56bfc062723c751e8b465ee728b)  -> (artifact id: '2138f2f643d60a64f57b991479cfb304') in 2.470855 seconds 
========================================================================
Received Import Request.
  Time since last request: 0.000126 seconds.
  path: Assets/Fighters_(Pack)/Materials/Fighter_11.mat
  artifactKey: Guid(5baacd645c2654d4cafec1ff874feb56) Importer(815301076,1909f56bfc062723c751e8b465ee728b)
Start importing Assets/Fighters_(Pack)/Materials/Fighter_11.mat using Guid(5baacd645c2654d4cafec1ff874feb56) Importer(815301076,1909f56bfc062723c751e8b465ee728b)  -> (artifact id: '6fdf15e8ae90023955730017cae7954f') in 3.583954 seconds 
========================================================================
Received Prepare
Registering precompiled user dll's ...
Registered in 0.023255 seconds.
Begin MonoManager ReloadAssembly
Symbol file LoadedFromMemory doesn't match image /home/kali/Unity Projects/Assault-Arena/Arena-Assault/Arena-Assault/Library/PackageCache/com.unity.visualscripting@1.8.0/Editor/VisualScripting.Core/Dependencies/YamlDotNet/Unity.VisualScripting.YamlDotNet.dll
Symbol file LoadedFromMemory doesn't match image /home/kali/Unity Projects/Assault-Arena/Arena-Assault/Arena-Assault/Library/PackageCache/com.unity.visualscripting@1.8.0/Editor/VisualScripting.Core/Dependencies/DotNetZip/Unity.VisualScripting.IonicZip.dll
Native extension for LinuxStandalone target not found
Native extension for Android target not found
Refreshing native plugins compatible for Editor in 2.14 ms, found 0 plugins.
Preloading 0 native plugins for Editor in 0.00 ms.
Mono: successfully reloaded assembly
- Completed reload, in  4.247 seconds
Domain Reload Profiling:
	ReloadAssembly (4261ms)
		BeginReloadAssembly (578ms)
			ExecutionOrderSort (0ms)
			DisableScriptedObjects (17ms)
			BackupInstance (0ms)
			ReleaseScriptingObjects (1ms)
			CreateAndSetChildDomain (229ms)
		EndReloadAssembly (3284ms)
			LoadAssemblies (428ms)
			RebuildTransferFunctionScriptingTraits (0ms)
			SetupTypeCache (1187ms)
			ReleaseScriptCaches (3ms)
			RebuildScriptCaches (177ms)
			SetupLoadedEditorAssemblies (1052ms)
				LogAssemblyErrors (0ms)
				InitializePlatformSupportModulesInManaged (87ms)
				SetLoadedEditorAssemblies (3ms)
				RefreshPlugins (2ms)
				BeforeProcessingInitializeOnLoad (188ms)
				ProcessInitializeOnLoadAttributes (675ms)
				ProcessInitializeOnLoadMethodAttributes (71ms)
				AfterProcessingInitializeOnLoad (24ms)
				EditorAssembliesLoaded (1ms)
			ExecutionOrderSort2 (0ms)
			AwakeInstancesAfterBackupRestoration (13ms)
Platform modules already initialized, skipping
Refreshing native plugins compatible for Editor in 11.24 ms, found 0 plugins.
Preloading 0 native plugins for Editor in 0.00 ms.
Unloading 3393 Unused Serialized files (Serialized files now loaded: 0)
Unloading 22 unused Assets / (22.0 KB). Loaded Objects now: 3943.
Memory consumption went from 131.6 MB to 131.6 MB.
Total: 64.994542 ms (FindLiveObjects: 0.656932 ms CreateObjectMapping: 0.302170 ms MarkObjects: 63.871600 ms  DeleteObjects: 0.157639 ms)

AssetImportParameters requested are different than current active one (requested -> active):
  custom:video-decoder-ogg-theora: a1e56fd34408186e4bbccfd4996cb3dc -> 
  custom:container-muxer-webm: aa71ff27fc2769a1b78a27578f13a17b -> 
  custom:container-demuxer-webm: 4f35f7cbe854078d1ac9338744f61a02 -> 
  custom:video-encoder-webm-vp8: eb34c28f22e8b96e1ab97ce403110664 -> 
  custom:CustomObjectIndexerAttribute: bc11b3a6c3213fcdd17b65e7da85e133 -> 
  custom:audio-encoder-webm-vorbis: bf7c407c2cedff20999df2af8eb42d56 -> 
  custom:container-demuxer-ogg: 62fdf1f143b41e24485cea50d1cbac27 -> 
  custom:video-decoder-webm-vp8: 9c59270c3fd7afecdb556c50c9e8de78 -> 
  custom:audio-decoder-ogg-vorbis: bf7c407c2cedff20999df2af8eb42d56 -> 
