Unity Editor version:    2021.3.28f1 (232e59c3f087)
Branch:                  2021.3/release
Build type:              Release
Batch mode:              YES
macOS version:           Version 12.6.8 (Build 21G725)
Darwin version:          21.6.0
Architecture:            x86_64
Running under Rosetta:   NO
Available memory:        16384 MB
Using pre-set license
Pro License: YES

COMMAND LINE ARGUMENTS:
/Applications/Unity/Hub/Editor/2021.3.28f1/Unity.app/Contents/MacOS/Unity
-adb2
-batchMode
-noUpm
-name
AssetImportWorker0
-projectPath
/Users/utkarshshukla/Desktop/Arena-Assault/Arena-Assault
-logFile
Logs/AssetImportWorker0.log
-srvPort
62430
Successfully changed project path to: /Users/utkarshshukla/Desktop/Arena-Assault/Arena-Assault
/Users/utkarshshukla/Desktop/Arena-Assault/Arena-Assault
[UnityMemory] Configuration Parameters - Can be set up in boot.config
    "memorysetup-bucket-allocator-granularity=16"
    "memorysetup-bucket-allocator-bucket-count=8"
    "memorysetup-bucket-allocator-block-size=33554432"
    "memorysetup-bucket-allocator-block-count=8"
    "memorysetup-main-allocator-block-size=16777216"
    "memorysetup-thread-allocator-block-size=16777216"
    "memorysetup-gfx-main-allocator-block-size=16777216"
    "memorysetup-gfx-thread-allocator-block-size=16777216"
    "memorysetup-cache-allocator-block-size=4194304"
    "memorysetup-typetree-allocator-block-size=2097152"
    "memorysetup-profiler-bucket-allocator-granularity=16"
    "memorysetup-profiler-bucket-allocator-bucket-count=8"
    "memorysetup-profiler-bucket-allocator-block-size=33554432"
    "memorysetup-profiler-bucket-allocator-block-count=8"
    "memorysetup-profiler-allocator-block-size=16777216"
    "memorysetup-profiler-editor-allocator-block-size=1048576"
    "memorysetup-temp-allocator-size-main=16777216"
    "memorysetup-job-temp-allocator-block-size=2097152"
    "memorysetup-job-temp-allocator-block-size-background=1048576"
    "memorysetup-job-temp-allocator-reduction-small-platforms=262144"
    "memorysetup-temp-allocator-size-background-worker=32768"
    "memorysetup-temp-allocator-size-job-worker=262144"
    "memorysetup-temp-allocator-size-preload-manager=33554432"
    "memorysetup-temp-allocator-size-nav-mesh-worker=65536"
    "memorysetup-temp-allocator-size-audio-worker=65536"
    "memorysetup-temp-allocator-size-cloud-worker=32768"
    "memorysetup-temp-allocator-size-gi-baking-worker=262144"
    "memorysetup-temp-allocator-size-gfx=262144"
Player connection [4654355968] Host "[IP] 192.168.236.28 [Port] 0 [Flags] 2 [Guid] 3645901796 [EditorId] 3645901796 [Version] 1048832 [Id] OSXEditor(0,Taras-MacBook-Pro.local) [Debug] 1 [PackageName] OSXEditor [ProjectName] Editor" joined multi-casting on [225.0.0.222:54997]...

Player connection [4654355968] Host "[IP] 192.168.236.28 [Port] 0 [Flags] 2 [Guid] 3645901796 [EditorId] 3645901796 [Version] 1048832 [Id] OSXEditor(0,Taras-MacBook-Pro.local) [Debug] 1 [PackageName] OSXEditor [ProjectName] Editor" joined alternative multi-casting on [225.0.0.222:34997]...

Refreshing native plugins compatible for Editor in 132.42 ms, found 2 plugins.
Preloading 0 native plugins for Editor in 0.00 ms.
Initialize engine version: 2021.3.28f1 (232e59c3f087)
[Subsystems] Discovering subsystems at path /Applications/Unity/Hub/Editor/2021.3.28f1/Unity.app/Contents/Resources/UnitySubsystems
[Subsystems] Discovering subsystems at path /Users/utkarshshukla/Desktop/Arena-Assault/Arena-Assault/Assets
GfxDevice: creating device client; threaded=0; jobified=0
Color LCD preferred device: Intel Iris Pro Graphics (low power)
Metal devices available: 1
0: Intel Iris Pro Graphics (low power)
Using device Intel Iris Pro Graphics (low power)
Initializing Metal device caps: Intel Iris Pro Graphics
Initialize mono
Mono path[0] = '/Applications/Unity/Hub/Editor/2021.3.28f1/Unity.app/Contents/Managed'
Mono path[1] = '/Applications/Unity/Hub/Editor/2021.3.28f1/Unity.app/Contents/MonoBleedingEdge/lib/mono/unityjit-macos'
Mono config path = '/Applications/Unity/Hub/Editor/2021.3.28f1/Unity.app/Contents/MonoBleedingEdge/etc'
Using monoOptions --debugger-agent=transport=dt_socket,embedding=1,server=y,suspend=n,address=127.0.0.1:56456
Begin MonoManager ReloadAssembly
Registering precompiled unity dll's ...
Register platform support module: /Applications/Unity/Hub/Editor/2021.3.28f1/PlaybackEngines/WebGLSupport/UnityEditor.WebGL.Extensions.dll
Register platform support module: /Applications/Unity/Hub/Editor/2021.3.28f1/Unity.app/Contents/PlaybackEngines/MacStandaloneSupport/UnityEditor.OSXStandalone.Extensions.dll
Register platform support module: /Applications/Unity/Hub/Editor/2021.3.28f1/PlaybackEngines/AndroidPlayer/UnityEditor.Android.Extensions.dll
Register platform support module: /Applications/Unity/Hub/Editor/2021.3.28f1/PlaybackEngines/iOSSupport/UnityEditor.iOS.Extensions.dll
Registered in 0.003770 seconds.
[usbmuxd] Start listen thread
[usbmuxd] Listen thread started
[usbmuxd] Send listen message
Native extension for iOS target not found
Native extension for Android target not found
Android Extension - Scanning For ADB Devices 115 ms
Native extension for OSXStandalone target not found
Native extension for WebGL target not found
Refreshing native plugins compatible for Editor in 133.89 ms, found 2 plugins.
Preloading 0 native plugins for Editor in 0.00 ms.
Mono: successfully reloaded assembly
- Completed reload, in  1.309 seconds
Domain Reload Profiling:
	ReloadAssembly (1310ms)
		BeginReloadAssembly (147ms)
			ExecutionOrderSort (0ms)
			DisableScriptedObjects (0ms)
			BackupInstance (0ms)
			ReleaseScriptingObjects (0ms)
			CreateAndSetChildDomain (1ms)
		EndReloadAssembly (1000ms)
			LoadAssemblies (149ms)
			RebuildTransferFunctionScriptingTraits (0ms)
			SetupTypeCache (202ms)
			ReleaseScriptCaches (0ms)
			RebuildScriptCaches (50ms)
			SetupLoadedEditorAssemblies (671ms)
				LogAssemblyErrors (0ms)
				InitializePlatformSupportModulesInManaged (340ms)
				SetLoadedEditorAssemblies (0ms)
				RefreshPlugins (134ms)
				BeforeProcessingInitializeOnLoad (2ms)
				ProcessInitializeOnLoadAttributes (128ms)
				ProcessInitializeOnLoadMethodAttributes (67ms)
				AfterProcessingInitializeOnLoad (0ms)
				EditorAssembliesLoaded (0ms)
			ExecutionOrderSort2 (0ms)
			AwakeInstancesAfterBackupRestoration (0ms)
Platform modules already initialized, skipping
Registering precompiled user dll's ...
Registered in 0.002527 seconds.
Begin MonoManager ReloadAssembly
Symbol file LoadedFromMemory doesn't match image /Users/utkarshshukla/Desktop/Arena-Assault/Arena-Assault/Library/PackageCache/com.unity.visualscripting@1.8.0/Editor/VisualScripting.Core/Dependencies/YamlDotNet/Unity.VisualScripting.YamlDotNet.dll
Symbol file LoadedFromMemory doesn't match image /Users/utkarshshukla/Desktop/Arena-Assault/Arena-Assault/Library/PackageCache/com.unity.visualscripting@1.8.0/Editor/VisualScripting.Core/Dependencies/DotNetZip/Unity.VisualScripting.IonicZip.dll
Native extension for iOS target not found
Native extension for Android target not found
Native extension for OSXStandalone target not found
Native extension for WebGL target not found
Refreshing native plugins compatible for Editor in 1.45 ms, found 2 plugins.
Preloading 0 native plugins for Editor in 0.00 ms.
Mono: successfully reloaded assembly
- Completed reload, in  2.157 seconds
Domain Reload Profiling:
	ReloadAssembly (2158ms)
		BeginReloadAssembly (175ms)
			ExecutionOrderSort (0ms)
			DisableScriptedObjects (9ms)
			BackupInstance (0ms)
			ReleaseScriptingObjects (0ms)
			CreateAndSetChildDomain (51ms)
		EndReloadAssembly (1821ms)
			LoadAssemblies (128ms)
			RebuildTransferFunctionScriptingTraits (0ms)
			SetupTypeCache (505ms)
			ReleaseScriptCaches (1ms)
			RebuildScriptCaches (98ms)
			SetupLoadedEditorAssemblies (915ms)
				LogAssemblyErrors (0ms)
				InitializePlatformSupportModulesInManaged (54ms)
				SetLoadedEditorAssemblies (1ms)
				RefreshPlugins (2ms)
				BeforeProcessingInitializeOnLoad (117ms)
				ProcessInitializeOnLoadAttributes (694ms)
				ProcessInitializeOnLoadMethodAttributes (44ms)
				AfterProcessingInitializeOnLoad (3ms)
				EditorAssembliesLoaded (0ms)
			ExecutionOrderSort2 (0ms)
			AwakeInstancesAfterBackupRestoration (9ms)
Platform modules already initialized, skipping
========================================================================
Worker process is ready to serve import requests
Launching external process: /Applications/Unity/Hub/Editor/2021.3.28f1/Unity.app/Contents/Tools/UnityShaderCompiler
Launched and connected shader compiler UnityShaderCompiler after 0.11 seconds
Refreshing native plugins compatible for Editor in 1.48 ms, found 2 plugins.
Preloading 0 native plugins for Editor in 0.00 ms.
Unloading 3233 Unused Serialized files (Serialized files now loaded: 0)
Unloading 25 unused Assets / (40.2 KB). Loaded Objects now: 3715.
Memory consumption went from 124.1 MB to 124.1 MB.
Total: 6.239552 ms (FindLiveObjects: 0.333271 ms CreateObjectMapping: 0.189169 ms MarkObjects: 5.532746 ms  DeleteObjects: 0.182992 ms)

AssetImportParameters requested are different than current active one (requested -> active):
  custom:video-decoder-ogg-theora: a1e56fd34408186e4bbccfd4996cb3dc -> 
  custom:container-muxer-webm: aa71ff27fc2769a1b78a27578f13a17b -> 
  custom:container-demuxer-webm: 4f35f7cbe854078d1ac9338744f61a02 -> 
  custom:video-encoder-webm-vp8: eb34c28f22e8b96e1ab97ce403110664 -> 
  custom:framework-osx-AVFoundation: e770b220cccbd017edd2c1fefb359320 -> 
  custom:CustomObjectIndexerAttribute: bc11b3a6c3213fcdd17b65e7da85e133 -> 
  custom:audio-encoder-webm-vorbis: bf7c407c2cedff20999df2af8eb42d56 -> 
  custom:container-demuxer-ogg: 62fdf1f143b41e24485cea50d1cbac27 -> 
  custom:video-decoder-webm-vp8: 9c59270c3fd7afecdb556c50c9e8de78 -> 
  custom:audio-decoder-ogg-vorbis: bf7c407c2cedff20999df2af8eb42d56 -> 
========================================================================
Received Import Request.
  Time since last request: 256455.443284 seconds.
  path: Assets/TPS Shooter (Military style)/Readme/Readme.asset
  artifactKey: Guid(83c2ed844a8c74b779a4c823d16594b1) Importer(815301076,1909f56bfc062723c751e8b465ee728b)
Start importing Assets/TPS Shooter (Military style)/Readme/Readme.asset using Guid(83c2ed844a8c74b779a4c823d16594b1) Importer(815301076,1909f56bfc062723c751e8b465ee728b) WARNING: RGBA Compressed ASTC6X6 sRGB format is not supported, decompressing texture
 -> (artifact id: 'f9ab36c846b4342f621f3462829119cc') in 0.568934 seconds 
========================================================================
Received Prepare
Registering precompiled user dll's ...
Registered in 0.002346 seconds.
Begin MonoManager ReloadAssembly
Symbol file LoadedFromMemory doesn't match image /Users/utkarshshukla/Desktop/Arena-Assault/Arena-Assault/Library/PackageCache/com.unity.visualscripting@1.8.0/Editor/VisualScripting.Core/Dependencies/YamlDotNet/Unity.VisualScripting.YamlDotNet.dll
Symbol file LoadedFromMemory doesn't match image /Users/utkarshshukla/Desktop/Arena-Assault/Arena-Assault/Library/PackageCache/com.unity.visualscripting@1.8.0/Editor/VisualScripting.Core/Dependencies/DotNetZip/Unity.VisualScripting.IonicZip.dll
Native extension for iOS target not found
Native extension for Android target not found
Native extension for OSXStandalone target not found
Native extension for WebGL target not found
Refreshing native plugins compatible for Editor in 0.78 ms, found 2 plugins.
Preloading 0 native plugins for Editor in 0.00 ms.
Mono: successfully reloaded assembly
- Completed reload, in  1.745 seconds
Domain Reload Profiling:
	ReloadAssembly (1746ms)
		BeginReloadAssembly (215ms)
			ExecutionOrderSort (0ms)
			DisableScriptedObjects (9ms)
			BackupInstance (0ms)
			ReleaseScriptingObjects (0ms)
			CreateAndSetChildDomain (94ms)
		EndReloadAssembly (1390ms)
			LoadAssemblies (99ms)
			RebuildTransferFunctionScriptingTraits (0ms)
			SetupTypeCache (479ms)
			ReleaseScriptCaches (1ms)
			RebuildScriptCaches (71ms)
			SetupLoadedEditorAssemblies (613ms)
				LogAssemblyErrors (0ms)
				InitializePlatformSupportModulesInManaged (45ms)
				SetLoadedEditorAssemblies (1ms)
				RefreshPlugins (1ms)
				BeforeProcessingInitializeOnLoad (64ms)
				ProcessInitializeOnLoadAttributes (474ms)
				ProcessInitializeOnLoadMethodAttributes (28ms)
				AfterProcessingInitializeOnLoad (1ms)
				EditorAssembliesLoaded (0ms)
			ExecutionOrderSort2 (0ms)
			AwakeInstancesAfterBackupRestoration (5ms)
Platform modules already initialized, skipping
Refreshing native plugins compatible for Editor in 1.57 ms, found 2 plugins.
Preloading 0 native plugins for Editor in 0.00 ms.
Unloading 3223 Unused Serialized files (Serialized files now loaded: 0)
Unloading 17 unused Assets / (22.0 KB). Loaded Objects now: 3719.
Memory consumption went from 127.2 MB to 127.2 MB.
Total: 4.250266 ms (FindLiveObjects: 0.344196 ms CreateObjectMapping: 0.164044 ms MarkObjects: 3.717610 ms  DeleteObjects: 0.023429 ms)

AssetImportParameters requested are different than current active one (requested -> active):
  custom:video-decoder-ogg-theora: a1e56fd34408186e4bbccfd4996cb3dc -> 
  custom:container-muxer-webm: aa71ff27fc2769a1b78a27578f13a17b -> 
  custom:container-demuxer-webm: 4f35f7cbe854078d1ac9338744f61a02 -> 
  custom:video-encoder-webm-vp8: eb34c28f22e8b96e1ab97ce403110664 -> 
  custom:framework-osx-AVFoundation: e770b220cccbd017edd2c1fefb359320 -> 
  custom:CustomObjectIndexerAttribute: bc11b3a6c3213fcdd17b65e7da85e133 -> 
  custom:audio-encoder-webm-vorbis: bf7c407c2cedff20999df2af8eb42d56 -> 
  custom:container-demuxer-ogg: 62fdf1f143b41e24485cea50d1cbac27 -> 
  custom:video-decoder-webm-vp8: 9c59270c3fd7afecdb556c50c9e8de78 -> 
  custom:audio-decoder-ogg-vorbis: bf7c407c2cedff20999df2af8eb42d56 -> 
========================================================================
Received Import Request.
  Time since last request: 128.847758 seconds.
  path: Assets/TPS Shooter (Military style)/Scenes
  artifactKey: Guid(5c8352f5ea29c44bfa79af700ae176ef) Importer(815301076,1909f56bfc062723c751e8b465ee728b)
Start importing Assets/TPS Shooter (Military style)/Scenes using Guid(5c8352f5ea29c44bfa79af700ae176ef) Importer(815301076,1909f56bfc062723c751e8b465ee728b)  -> (artifact id: '697c92c065e368cf735c9be5b4a626dd') in 0.009557 seconds 
========================================================================
Received Import Request.
  Time since last request: 1.333101 seconds.
  path: Assets/TPS Shooter (Military style)/Scenes/Military
  artifactKey: Guid(cde4ca0c9823442f1926139089eace09) Importer(815301076,1909f56bfc062723c751e8b465ee728b)
Start importing Assets/TPS Shooter (Military style)/Scenes/Military using Guid(cde4ca0c9823442f1926139089eace09) Importer(815301076,1909f56bfc062723c751e8b465ee728b)  -> (artifact id: 'dc40bfdb4d9ad167236d8694ea5936e2') in 0.008538 seconds 
========================================================================
Received Import Request.
  Time since last request: 0.083648 seconds.
  path: Assets/TPS Shooter (Military style)/Scenes/Military/LightingData.asset
  artifactKey: Guid(cd0cd82bacd2843dc8631f005716a19f) Importer(815301076,1909f56bfc062723c751e8b465ee728b)
Start importing Assets/TPS Shooter (Military style)/Scenes/Military/LightingData.asset using Guid(cd0cd82bacd2843dc8631f005716a19f) Importer(815301076,1909f56bfc062723c751e8b465ee728b) Lighting data asset ‘LightingData’ is inconsistent because 286 files out of 1430 are missing. Please use Generate Lighting to rebuild the lighting data.
 -> (artifact id: 'bdf6563e8947cc0f73541982b53b35db') in 1.344846 seconds 
========================================================================
Received Import Request.
  Time since last request: 0.400750 seconds.
  path: Assets/TPS Shooter (Military style)/Scenes/Military/Lightmap-7_comp_shadowmask.png
  artifactKey: Guid(a9af09853e96f4dc48c9af21190815ae) Importer(815301076,1909f56bfc062723c751e8b465ee728b)
Start importing Assets/TPS Shooter (Military style)/Scenes/Military/Lightmap-7_comp_shadowmask.png using Guid(a9af09853e96f4dc48c9af21190815ae) Importer(815301076,1909f56bfc062723c751e8b465ee728b)  -> (artifact id: '8cdcacf160566178ce574cd37fe8f366') in 0.249118 seconds 
========================================================================
Received Import Request.
  Time since last request: 0.000104 seconds.
  path: Assets/TPS Shooter (Military style)/Scenes/Military/Lightmap-4_comp_shadowmask.png
  artifactKey: Guid(71e859876caf34d428ac4419a16399a3) Importer(815301076,1909f56bfc062723c751e8b465ee728b)
Start importing Assets/TPS Shooter (Military style)/Scenes/Military/Lightmap-4_comp_shadowmask.png using Guid(71e859876caf34d428ac4419a16399a3) Importer(815301076,1909f56bfc062723c751e8b465ee728b)  -> (artifact id: '5e8ff0dc3df40940d3eae2e6f869679b') in 0.022180 seconds 
========================================================================
Received Import Request.
  Time since last request: 0.000086 seconds.
  path: Assets/TPS Shooter (Military style)/Scenes/Military/Lightmap-13_comp_dir.png
  artifactKey: Guid(78c347e0400864516a6965caaf613fe0) Importer(815301076,1909f56bfc062723c751e8b465ee728b)
Start importing Assets/TPS Shooter (Military style)/Scenes/Military/Lightmap-13_comp_dir.png using Guid(78c347e0400864516a6965caaf613fe0) Importer(815301076,1909f56bfc062723c751e8b465ee728b) WARNING: RGBA Compressed ASTC6X6 UNorm format is not supported, decompressing texture
 -> (artifact id: '3ad7a9e41f10322086d61e57a5d4bf7d') in 0.011134 seconds 
========================================================================
Received Import Request.
  Time since last request: 0.000083 seconds.
  path: Assets/TPS Shooter (Military style)/Scenes/Military/Lightmap-5_comp_dir.png
  artifactKey: Guid(b69cf142127ab4178ab392bf31fdeb91) Importer(815301076,1909f56bfc062723c751e8b465ee728b)
Start importing Assets/TPS Shooter (Military style)/Scenes/Military/Lightmap-5_comp_dir.png using Guid(b69cf142127ab4178ab392bf31fdeb91) Importer(815301076,1909f56bfc062723c751e8b465ee728b) WARNING: RGBA Compressed ASTC6X6 UNorm format is not supported, decompressing texture
 -> (artifact id: '63645793155264a4d4e1ddfaa183d05a') in 0.013830 seconds 
========================================================================
Received Import Request.
  Time since last request: 0.000106 seconds.
  path: Assets/TPS Shooter (Military style)/Scenes/Military/Lightmap-1_comp_shadowmask.png
  artifactKey: Guid(525defe69817247c9b25b05c77167d6f) Importer(815301076,1909f56bfc062723c751e8b465ee728b)
Start importing Assets/TPS Shooter (Military style)/Scenes/Military/Lightmap-1_comp_shadowmask.png using Guid(525defe69817247c9b25b05c77167d6f) Importer(815301076,1909f56bfc062723c751e8b465ee728b)  -> (artifact id: '7e4a799704a99dedcd02ffd4ebefc585') in 0.023350 seconds 
========================================================================
Received Import Request.
  Time since last request: 0.000085 seconds.
  path: Assets/TPS Shooter (Military style)/Scenes/Military/Lightmap-14_comp_light.exr
  artifactKey: Guid(9d5ef06ad87e446e09654cdabb42ae0d) Importer(815301076,1909f56bfc062723c751e8b465ee728b)
Start importing Assets/TPS Shooter (Military style)/Scenes/Military/Lightmap-14_comp_light.exr using Guid(9d5ef06ad87e446e09654cdabb42ae0d) Importer(815301076,1909f56bfc062723c751e8b465ee728b)  -> (artifact id: 'e85e50f466c2f8cb7c82ad55205ee702') in 0.145056 seconds 
========================================================================
Received Import Request.
  Time since last request: 0.000100 seconds.
  path: Assets/TPS Shooter (Military style)/Scenes/Military/Lightmap-12_comp_light.exr
  artifactKey: Guid(572b2df393fde4b8b8b826703e06ccac) Importer(815301076,1909f56bfc062723c751e8b465ee728b)
Start importing Assets/TPS Shooter (Military style)/Scenes/Military/Lightmap-12_comp_light.exr using Guid(572b2df393fde4b8b8b826703e06ccac) Importer(815301076,1909f56bfc062723c751e8b465ee728b)  -> (artifact id: 'ab968ce2c50a5421dae07db64ff6087e') in 0.014220 seconds 
========================================================================
Received Import Request.
  Time since last request: 0.000093 seconds.
  path: Assets/TPS Shooter (Military style)/Scenes/Military/Lightmap-3_comp_dir.png
  artifactKey: Guid(1414c5e64c80743759d8536ff05199f2) Importer(815301076,1909f56bfc062723c751e8b465ee728b)
Start importing Assets/TPS Shooter (Military style)/Scenes/Military/Lightmap-3_comp_dir.png using Guid(1414c5e64c80743759d8536ff05199f2) Importer(815301076,1909f56bfc062723c751e8b465ee728b) WARNING: RGBA Compressed ASTC6X6 UNorm format is not supported, decompressing texture
 -> (artifact id: 'e5c0ceb0d2092f0d6186b9e194a29a29') in 0.006785 seconds 
========================================================================
Received Import Request.
  Time since last request: 0.000075 seconds.
  path: Assets/TPS Shooter (Military style)/Scenes/Military/Lightmap-3_comp_shadowmask.png
  artifactKey: Guid(1093e0a38316d4f378f44f0bd9eaa95c) Importer(815301076,1909f56bfc062723c751e8b465ee728b)
Start importing Assets/TPS Shooter (Military style)/Scenes/Military/Lightmap-3_comp_shadowmask.png using Guid(1093e0a38316d4f378f44f0bd9eaa95c) Importer(815301076,1909f56bfc062723c751e8b465ee728b)  -> (artifact id: '3f4ddef6f196280c70718a763a091a97') in 0.008082 seconds 
========================================================================
Received Import Request.
  Time since last request: 0.000093 seconds.
  path: Assets/TPS Shooter (Military style)/Scenes/Military/Lightmap-5_comp_shadowmask.png
  artifactKey: Guid(d040551689f154e6491f82db944de5b6) Importer(815301076,1909f56bfc062723c751e8b465ee728b)
Start importing Assets/TPS Shooter (Military style)/Scenes/Military/Lightmap-5_comp_shadowmask.png using Guid(d040551689f154e6491f82db944de5b6) Importer(815301076,1909f56bfc062723c751e8b465ee728b)  -> (artifact id: '4d614bc5fe32a8c3c0aae7e6d8e9d92d') in 0.008320 seconds 
========================================================================
Received Import Request.
  Time since last request: 14.747217 seconds.
  path: Assets/TPS Shooter (Military style)/Scenes/Military/Lightmap-14_comp_shadowmask.png
  artifactKey: Guid(751c16b59f6084a3fa81536f73582b4e) Importer(815301076,1909f56bfc062723c751e8b465ee728b)
Start importing Assets/TPS Shooter (Military style)/Scenes/Military/Lightmap-14_comp_shadowmask.png using Guid(751c16b59f6084a3fa81536f73582b4e) Importer(815301076,1909f56bfc062723c751e8b465ee728b)  -> (artifact id: 'ece1afe0f12a0f467ea39189903e39c4') in 0.020256 seconds 
